<?xml version="1.0" encoding="UTF-8"?>
<testng-results ignored="0" total="5" passed="5" failed="0" skipped="0">
  <reporter-output>
  </reporter-output>
  <suite started-at="2023-02-25T11:16:42 IST" name="All Test Suite" finished-at="2023-02-25T11:21:16 IST" duration-ms="273754">
    <groups>
      <group name="cucumber">
        <method signature="AbstractTestNGCucumberTests.runScenario(io.cucumber.testng.PickleWrapper,io.cucumber.testng.FeatureWrapper)[pri:0, instance:runners.TestRunner@53fe15ff]" name="runScenario" class="io.cucumber.testng.AbstractTestNGCucumberTests"/>
      </group> <!-- cucumber -->
    </groups>
    <test started-at="2023-02-25T11:16:42 IST" name="C:\Users\SLEKHANA\IdeaProjects\cucumber1" finished-at="2023-02-25T11:21:16 IST" duration-ms="273754">
      <class name="runners.TestRunner">
        <test-method is-config="true" signature="setUpClass(org.testng.ITestContext)[pri:0, instance:runners.TestRunner@53fe15ff]" started-at="2023-02-25T11:16:42 IST" name="setUpClass" finished-at="2023-02-25T11:16:42 IST" duration-ms="380" status="PASS">
          <params>
            <param index="0">
              <value>
                <![CDATA[org.testng.TestRunner@41477a6d]]>
              </value>
            </param>
          </params>
          <reporter-output>
          </reporter-output>
        </test-method> <!-- setUpClass -->
        <test-method signature="runScenario(io.cucumber.testng.PickleWrapper,io.cucumber.testng.FeatureWrapper)[pri:0, instance:runners.TestRunner@53fe15ff]" started-at="2023-02-25T11:16:42 IST" name="runScenario" description="Runs Cucumber Scenarios" data-provider="scenarios" finished-at="2023-02-25T11:20:59 IST" duration-ms="256514" status="PASS">
          <params>
            <param index="0">
              <value>
                <![CDATA["verify that user display product"]]>
              </value>
            </param>
            <param index="1">
              <value>
                <![CDATA["search a product feature"]]>
              </value>
            </param>
          </params>
          <reporter-output>
          </reporter-output>
        </test-method> <!-- runScenario -->
        <test-method signature="runScenario(io.cucumber.testng.PickleWrapper,io.cucumber.testng.FeatureWrapper)[pri:0, instance:runners.TestRunner@53fe15ff]" started-at="2023-02-25T11:16:42 IST" name="runScenario" description="Runs Cucumber Scenarios" data-provider="scenarios" finished-at="2023-02-25T11:20:30 IST" duration-ms="227757" status="PASS">
          <params>
            <param index="0">
              <value>
                <![CDATA["Verify that the user can able to search a product"]]>
              </value>
            </param>
            <param index="1">
              <value>
                <![CDATA["search a product feature"]]>
              </value>
            </param>
          </params>
          <reporter-output>
          </reporter-output>
        </test-method> <!-- runScenario -->
        <test-method signature="runScenario(io.cucumber.testng.PickleWrapper,io.cucumber.testng.FeatureWrapper)[pri:0, instance:runners.TestRunner@53fe15ff]" started-at="2023-02-25T11:16:42 IST" name="runScenario" description="Runs Cucumber Scenarios" data-provider="scenarios" finished-at="2023-02-25T11:21:05 IST" duration-ms="262406" status="PASS">
          <params>
            <param index="0">
              <value>
                <![CDATA["Verify that the selected product is displayed on the product detail page with all the relevant information"]]>
              </value>
            </param>
            <param index="1">
              <value>
                <![CDATA["search a product feature"]]>
              </value>
            </param>
          </params>
          <reporter-output>
          </reporter-output>
        </test-method> <!-- runScenario -->
        <test-method signature="runScenario(io.cucumber.testng.PickleWrapper,io.cucumber.testng.FeatureWrapper)[pri:0, instance:runners.TestRunner@53fe15ff]" started-at="2023-02-25T11:16:42 IST" name="runScenario" description="Runs Cucumber Scenarios" data-provider="scenarios" finished-at="2023-02-25T11:17:10 IST" duration-ms="27624" status="PASS">
          <params>
            <param index="0">
              <value>
                <![CDATA["verify that no results found"]]>
              </value>
            </param>
            <param index="1">
              <value>
                <![CDATA["search a product feature"]]>
              </value>
            </param>
          </params>
          <reporter-output>
          </reporter-output>
        </test-method> <!-- runScenario -->
        <test-method signature="runScenario(io.cucumber.testng.PickleWrapper,io.cucumber.testng.FeatureWrapper)[pri:0, instance:runners.TestRunner@53fe15ff]" started-at="2023-02-25T11:16:42 IST" name="runScenario" description="Runs Cucumber Scenarios" data-provider="scenarios" finished-at="2023-02-25T11:17:53 IST" duration-ms="70362" status="PASS">
          <params>
            <param index="0">
              <value>
                <![CDATA["Check if the add to cart is accessible"]]>
              </value>
            </param>
            <param index="1">
              <value>
                <![CDATA["search a product feature"]]>
              </value>
            </param>
          </params>
          <reporter-output>
          </reporter-output>
        </test-method> <!-- runScenario -->
        <test-method is-config="true" signature="tearDownClass()[pri:0, instance:runners.TestRunner@53fe15ff]" started-at="2023-02-25T11:21:05 IST" name="tearDownClass" finished-at="2023-02-25T11:21:16 IST" duration-ms="10934" status="PASS">
          <reporter-output>
          </reporter-output>
        </test-method> <!-- tearDownClass -->
      </class> <!-- runners.TestRunner -->
    </test> <!-- C:\Users\SLEKHANA\IdeaProjects\cucumber1 -->
  </suite> <!-- All Test Suite -->
</testng-results>
