<?xml version="1.0" encoding="UTF-8"?>
<testng-results ignored="0" total="5" passed="5" failed="0" skipped="0">
  <reporter-output>
  </reporter-output>
  <suite started-at="2023-02-26T19:21:12 IST" name="All Test Suite" finished-at="2023-02-26T19:22:05 IST" duration-ms="52462">
    <groups>
      <group name="cucumber">
        <method signature="AbstractTestNGCucumberTests.runScenario(io.cucumber.testng.PickleWrapper,io.cucumber.testng.FeatureWrapper)[pri:0, instance:runners.TestRunner@1530c739]" name="runScenario" class="io.cucumber.testng.AbstractTestNGCucumberTests"/>
      </group> <!-- cucumber -->
    </groups>
    <test started-at="2023-02-26T19:21:12 IST" name="C:\Users\SLEKHANA\IdeaProjects\cucumber1" finished-at="2023-02-26T19:22:05 IST" duration-ms="52462">
      <class name="runners.TestRunner">
        <test-method is-config="true" signature="setUpClass(org.testng.ITestContext)[pri:0, instance:runners.TestRunner@1530c739]" started-at="2023-02-26T19:21:12 IST" name="setUpClass" finished-at="2023-02-26T19:21:13 IST" duration-ms="415" status="PASS">
          <params>
            <param index="0">
              <value>
                <![CDATA[org.testng.TestRunner@2b87581]]>
              </value>
            </param>
          </params>
          <reporter-output>
          </reporter-output>
        </test-method> <!-- setUpClass -->
        <test-method signature="runScenario(io.cucumber.testng.PickleWrapper,io.cucumber.testng.FeatureWrapper)[pri:0, instance:runners.TestRunner@1530c739]" started-at="2023-02-26T19:21:13 IST" name="runScenario" description="Runs Cucumber Scenarios" data-provider="scenarios" finished-at="2023-02-26T19:21:23 IST" duration-ms="10778" status="PASS">
          <params>
            <param index="0">
              <value>
                <![CDATA["verify that no results found"]]>
              </value>
            </param>
            <param index="1">
              <value>
                <![CDATA["search a product feature"]]>
              </value>
            </param>
          </params>
          <reporter-output>
          </reporter-output>
        </test-method> <!-- runScenario -->
        <test-method signature="runScenario(io.cucumber.testng.PickleWrapper,io.cucumber.testng.FeatureWrapper)[pri:0, instance:runners.TestRunner@1530c739]" started-at="2023-02-26T19:21:13 IST" name="runScenario" description="Runs Cucumber Scenarios" data-provider="scenarios" finished-at="2023-02-26T19:21:43 IST" duration-ms="30674" status="PASS">
          <params>
            <param index="0">
              <value>
                <![CDATA["verify that user display product"]]>
              </value>
            </param>
            <param index="1">
              <value>
                <![CDATA["search a product feature"]]>
              </value>
            </param>
          </params>
          <reporter-output>
          </reporter-output>
        </test-method> <!-- runScenario -->
        <test-method signature="runScenario(io.cucumber.testng.PickleWrapper,io.cucumber.testng.FeatureWrapper)[pri:0, instance:runners.TestRunner@1530c739]" started-at="2023-02-26T19:21:13 IST" name="runScenario" description="Runs Cucumber Scenarios" data-provider="scenarios" finished-at="2023-02-26T19:21:51 IST" duration-ms="38602" status="PASS">
          <params>
            <param index="0">
              <value>
                <![CDATA["Verify that the selected product is displayed on the product detail page"]]>
              </value>
            </param>
            <param index="1">
              <value>
                <![CDATA["search a product feature"]]>
              </value>
            </param>
          </params>
          <reporter-output>
          </reporter-output>
        </test-method> <!-- runScenario -->
        <test-method signature="runScenario(io.cucumber.testng.PickleWrapper,io.cucumber.testng.FeatureWrapper)[pri:0, instance:runners.TestRunner@1530c739]" started-at="2023-02-26T19:21:13 IST" name="runScenario" description="Runs Cucumber Scenarios" data-provider="scenarios" finished-at="2023-02-26T19:21:47 IST" duration-ms="34704" status="PASS">
          <params>
            <param index="0">
              <value>
                <![CDATA["Verify that the user can able to search a product"]]>
              </value>
            </param>
            <param index="1">
              <value>
                <![CDATA["search a product feature"]]>
              </value>
            </param>
          </params>
          <reporter-output>
          </reporter-output>
        </test-method> <!-- runScenario -->
        <test-method signature="runScenario(io.cucumber.testng.PickleWrapper,io.cucumber.testng.FeatureWrapper)[pri:0, instance:runners.TestRunner@1530c739]" started-at="2023-02-26T19:21:13 IST" name="runScenario" description="Runs Cucumber Scenarios" data-provider="scenarios" finished-at="2023-02-26T19:21:36 IST" duration-ms="23381" status="PASS">
          <params>
            <param index="0">
              <value>
                <![CDATA["Check if the add to cart is accessible"]]>
              </value>
            </param>
            <param index="1">
              <value>
                <![CDATA["search a product feature"]]>
              </value>
            </param>
          </params>
          <reporter-output>
          </reporter-output>
        </test-method> <!-- runScenario -->
        <test-method is-config="true" signature="tearDownClass()[pri:0, instance:runners.TestRunner@1530c739]" started-at="2023-02-26T19:21:51 IST" name="tearDownClass" finished-at="2023-02-26T19:22:05 IST" duration-ms="13397" status="PASS">
          <reporter-output>
          </reporter-output>
        </test-method> <!-- tearDownClass -->
      </class> <!-- runners.TestRunner -->
    </test> <!-- C:\Users\SLEKHANA\IdeaProjects\cucumber1 -->
  </suite> <!-- All Test Suite -->
</testng-results>
