<?xml version="1.0" encoding="UTF-8"?>
<testsuite xmlns:xsi="http://www.w3.org/2001/XMLSchema-instance" xsi:noNamespaceSchemaLocation="https://maven.apache.org/surefire/maven-surefire-plugin/xsd/surefire-test-report-3.0.xsd" version="3.0" name="TestSuite" time="53.108" tests="5" errors="0" skipped="0" failures="0">
  <properties>
[...]
</properties>
  <testcase name="runScenario[&quot;verify that no results found&quot;, &quot;search a product feature&quot;](1)" classname="runners.TestRunner" time="10.753">
    <system-out><![CDATA[
Scenario: verify that no results found    # src/test/resources/features/produt.feature:23

Scenario: verify that user display product         # src/test/resources/features/produt.feature:17

Scenario Outline: Check if the add to cart is accessible # src/test/resources/features/produt.feature:41

Scenario: Verify that the user can able to search a product # src/test/resources/features/produt.feature:3

Scenario: Verify that the selected product is displayed on the product detail page # src/test/resources/features/produt.feature:9
  And the user again back to another url2 # steps.StepDefinitions.theUserAgainBackToAnotherUrl2()
]]></system-out>
    <system-err><![CDATA[SLF4J: No SLF4J providers were found.
SLF4J: Defaulting to no-operation (NOP) logger implementation
SLF4J: See https://www.slf4j.org/codes.html#noProviders for further details.
Starting ChromeDriver 110.0.5481.77 (65ed616c6e8ee3fe0ad64fe83796c020644d42af-refs/branch-heads/5481@{#839}) on port 1412
Only local connections are allowed.
Please see https://chromedriver.chromium.org/security-considerations for suggestions on keeping ChromeDriver safe.
ChromeDriver was started successfully.
Starting ChromeDriver 110.0.5481.77 (65ed616c6e8ee3fe0ad64fe83796c020644d42af-refs/branch-heads/5481@{#839}) on port 9760
Only local connections are allowed.
Please see https://chromedriver.chromium.org/security-considerations for suggestions on keeping ChromeDriver safe.
ChromeDriver was started successfully.
Starting ChromeDriver 110.0.5481.77 (65ed616c6e8ee3fe0ad64fe83796c020644d42af-refs/branch-heads/5481@{#839}) on port 42909
Only local connections are allowed.
Please see https://chromedriver.chromium.org/security-considerations for suggestions on keeping ChromeDriver safe.
ChromeDriver was started successfully.
Starting ChromeDriver 110.0.5481.77 (65ed616c6e8ee3fe0ad64fe83796c020644d42af-refs/branch-heads/5481@{#839}) on port 23014
Only local connections are allowed.
Please see https://chromedriver.chromium.org/security-considerations for suggestions on keeping ChromeDriver safe.
ChromeDriver was started successfully.
Starting ChromeDriver 110.0.5481.77 (65ed616c6e8ee3fe0ad64fe83796c020644d42af-refs/branch-heads/5481@{#839}) on port 17294
Only local connections are allowed.
Please see https://chromedriver.chromium.org/security-considerations for suggestions on keeping ChromeDriver safe.
ChromeDriver was started successfully.
[1677419475.941][WARNING]: virtual void DevToolsClientImpl::AddListener(DevToolsEventListener *) subscribing a listener to the already connected DevToolsClient. Connection notification will not arrive.
[1677419476.065][WARNING]: virtual void DevToolsClientImpl::AddListener(DevToolsEventListener *) subscribing a listener to the already connected DevToolsClient. Connection notification will not arrive.
[1677419476.144][WARNING]: virtual void DevToolsClientImpl::AddListener(DevToolsEventListener *) subscribing a listener to the already connected DevToolsClient. Connection notification will not arrive.
Feb 26, 2023 7:21:16 PM org.openqa.selenium.remote.ProtocolHandshake createSession
INFO: Detected dialect: W3C
Feb 26, 2023 7:21:16 PM org.openqa.selenium.remote.ProtocolHandshake createSession
INFO: Detected dialect: W3C
[1677419477.175][WARNING]: virtual void DevToolsClientImpl::AddListener(DevToolsEventListener *) subscribing a listener to the already connected DevToolsClient. Connection notification will not arrive.
Feb 26, 2023 7:21:17 PM org.openqa.selenium.remote.ProtocolHandshake createSession
INFO: Detected dialect: W3C
[1677419477.259][WARNING]: virtual void DevToolsClientImpl::AddListener(DevToolsEventListener *) subscribing a listener to the already connected DevToolsClient. Connection notification will not arrive.
Feb 26, 2023 7:21:17 PM org.openqa.selenium.remote.ProtocolHandshake createSession
INFO: Detected dialect: W3C
Feb 26, 2023 7:21:17 PM org.openqa.selenium.remote.ProtocolHandshake createSession
INFO: Detected dialect: W3C
]]></system-err>
  </testcase>
  <testcase name="runScenario[&quot;Check if the add to cart is accessible&quot;, &quot;search a product feature&quot;](2)" classname="runners.TestRunner" time="23.357">
    <system-out><![CDATA[  Given the user back to Amazon homepage           # steps.StepDefinitions.theUserBackToAmazonHomepage()
  When the user goes back to the homepage                # steps.StepDefinitions.theUserGoesBackToTheHomepage()
  When the user search a product                   # steps.StepDefinitions.theUserSearchAProduct()
  Then the user see particular product detail page # steps.StepDefinitions.theUserSeeParticularProductDetailPage()
  Then the user enters "https://www.apple.com/in/"       # steps.StepDefinitions.the_user_enters(java.lang.String)
]]></system-out>
  </testcase>
  <testcase name="runScenario[&quot;verify that user display product&quot;, &quot;search a product feature&quot;](3)" classname="runners.TestRunner" time="30.645">
    <system-out><![CDATA[  Given the user is on the Amazon homepage                                         # steps.StepDefinitions.theUserIsOnTheAmazonHomepage()
  Given the user navigates to the home page                 # steps.StepDefinitions.the_user_navigates_to_the_home_page()
  And the user again back to another url1          # steps.StepDefinitions.theUserAgainBackToAnotherUrl1()
]]></system-out>
  </testcase>
  <testcase name="runScenario[&quot;Verify that the user can able to search a product&quot;, &quot;search a product feature&quot;](4)" classname="runners.TestRunner" time="34.676">
    <system-out><![CDATA[  When the user has searched for a product                                         # steps.StepDefinitions.theUserHasSearchedForAProduct()
  When the user enter the product name                      # steps.StepDefinitions.the_user_enter_the_product_name()
  Then the product results should be displayed              # steps.StepDefinitions.the_product_results_should_be_displayed()
]]></system-out>
  </testcase>
  <testcase name="runScenario[&quot;Verify that the selected product is displayed on the product detail page&quot;, &quot;search a product feature&quot;](5)" classname="runners.TestRunner" time="38.578">
    <system-out><![CDATA[  Then the user should see the product detail page                                 # steps.StepDefinitions.theUserShouldSeeTheProductDetailPage()
]]></system-out>
  </testcase>
</testsuite>