<?xml version="1.0" encoding="UTF-8"?>
<testng-results ignored="0" total="0" passed="0" failed="0" skipped="0">
  <reporter-output>
  </reporter-output>
  <suite started-at="2023-02-19T10:44:46 IST" name="Amazon Tests" finished-at="2023-02-19T10:44:46 IST" duration-ms="3">
    <groups>
    </groups>
    <test started-at="2023-02-19T10:44:46 IST" name="Amazon Test" finished-at="2023-02-19T10:44:46 IST" duration-ms="3">
    </test> <!-- Amazon Test -->
  </suite> <!-- Amazon Tests -->
</testng-results>
